Log file open, 01/29/16 23:44:26
LogInit:Display: Running engine for game: MyProject
LogInit: Version: 4.7.6-2513093+++depot+UE4-Releases+4.7
LogInit: API Version: 2455222
LogInit: Compiled (64-bit): Apr 15 2015 12:09:54
LogInit: Compiled with Visual C++: 18.00.21005.01
LogInit: Build Configuration: Development
LogInit: Branch Name: ++depot+UE4-Releases+4.7
LogInit: Command line:  
LogInit: Base directory: C:/Program Files/Epic Games/4.7/Engine/Binaries/Win64/
LogInit: Rocket: 1
[2016.01.30-04.44.26:945][  0]LogTaskGraph: Started task graph with 3 named threads and 6 total threads.
[2016.01.30-04.44.27:054][  0]LogOnline:Warning: No default platform service specified for OnlineSubsystem
[2016.01.30-04.44.27:101][  0]LogInit: Presizing for 0 objects not considered by GC, pre-allocating 0 bytes.
[2016.01.30-04.44.27:113][  0]LogInit: Object subsystem initialized
[2016.01.30-04.44.27:115][  0]LogConsoleResponse:Warning: Skipping Unknown console variable: 'TranslucentSortAxis = (X=0.000000,Y=-1.000000,Z=0.000000)'
[2016.01.30-04.44.27:115][  0]LogConsoleResponse:Warning:   Found in ini file 'C:/Users/Bond0102/Desktop/Gamejam/MyProject/Saved/Config/Windows/Engine.ini', in section '[/Script/Engine.RendererSettings]'
[2016.01.30-04.44.27:115][  0]LogConsoleResponse:Warning: Skipping Unknown console variable: 'UIScaleRule = ShortestSide'
[2016.01.30-04.44.27:115][  0]LogConsoleResponse:Warning:   Found in ini file 'C:/Users/Bond0102/Desktop/Gamejam/MyProject/Saved/Config/Windows/Engine.ini', in section '[/Script/Engine.RendererSettings]'
[2016.01.30-04.44.27:115][  0]LogConsoleResponse:Warning: Skipping Unknown console variable: 'UIScaleCurve = (EditorCurveData=(Keys=),ExternalCurve=None)'
[2016.01.30-04.44.27:115][  0]LogConsoleResponse:Warning:   Found in ini file 'C:/Users/Bond0102/Desktop/Gamejam/MyProject/Saved/Config/Windows/Engine.ini', in section '[/Script/Engine.RendererSettings]'
[2016.01.30-04.44.27:116][  0]LogInit: Selected Device Profile: [Windows]
[2016.01.30-04.44.27:116][  0]LogInit: Applying CVar settings loaded from the selected device profile: [Windows]
[2016.01.30-04.44.27:140][  0]LogInit: Computer: WJ308-01
[2016.01.30-04.44.27:140][  0]LogInit: User: Bond0102
[2016.01.30-04.44.27:140][  0]LogInit: CPU Page size=4096, Cores=4
[2016.01.30-04.44.27:140][  0]LogInit: High frequency timer resolution =3.331181 MHz
[2016.01.30-04.44.27:140][  0]LogMemory: Memory total: Physical=8.0GB (8GB approx) Virtual=131072.0GB
[2016.01.30-04.44.27:141][  0]LogMemory: Platform Memory Stats for Windows
[2016.01.30-04.44.27:141][  0]LogMemory: Process Physical Memory: 46.35 MB used, 46.35 MB peak
[2016.01.30-04.44.27:141][  0]LogMemory: Process Virtual Memory: 26.54 MB used, 26.54 MB peak
[2016.01.30-04.44.27:141][  0]LogMemory: Physical Memory: 5013.30 MB used, 8159.13 MB total
[2016.01.30-04.44.27:141][  0]LogMemory: Virtual Memory: 292.96 MB used, 134217728.00 MB total
[2016.01.30-04.44.27:202][  0]LogD3D11RHI: Found D3D11 adapter 0: NVIDIA GeForce GTX 580 (Feature Level 11_0)
[2016.01.30-04.44.27:202][  0]LogD3D11RHI: Adapter has 1484MB of dedicated video memory, 0MB of dedicated system memory, and 2559MB of shared system memory, 2 output[s]
[2016.01.30-04.44.27:205][  0]LogD3D11RHI: Found D3D11 adapter 1: Microsoft Basic Render Driver (Feature Level 11_0)
[2016.01.30-04.44.27:205][  0]LogD3D11RHI: Adapter has 0MB of dedicated video memory, 0MB of dedicated system memory, and 256MB of shared system memory, 0 output[s]
[2016.01.30-04.44.27:205][  0]LogD3D11RHI: Chosen D3D11 Adapter Id = 0
[2016.01.30-04.44.27:210][  0]LogRHI: Texture pool is 1039 MB (70% of 1484 MB)
[2016.01.30-04.44.27:228][  0]LogD3D11RHI: Async texture creation enabled
[2016.01.30-04.44.27:331][  0]LogTextLocalizationManager: The requested culture ('en_US') has no localization data; parent culture's ('en') localization data will be used.
[2016.01.30-04.44.27:411][  0]LogTextLocalizationManager:Warning: Loading localization resources contain conflicting entries for (Namespace:UICommands, Key:Save_ToolTip):
Resource: (C:/Program Files/Epic Games/4.7/Engine/Content/Localization/Editor/en/Editor.locres) Hash: (-29098895) String: (Saves the current level to disk)
Resource: (C:/Program Files/Epic Games/4.7/Engine/Content/Localization/Engine/en/Engine.locres) Hash: (-1280300587) String: (Save selected data to vlog file)
[2016.01.30-04.44.27:412][  0]LogTextLocalizationManager:Warning: Loading localization resources contain conflicting entries for (Namespace:ContentBrowser, Key:ImportAssetToolTip):
Resource: (C:/Program Files/Epic Games/4.7/Engine/Content/Localization/Editor/en/Editor.locres) Hash: (-630476809) String: (Import to {0}...)
Resource: (C:/Program Files/Epic Games/4.7/Engine/Content/Localization/Editor/en/Editor.locres) Hash: (1271782899) String: (Imports an asset from file to this folder.)
[2016.01.30-04.44.27:496][  0]LogContentStreaming: Texture pool size is 0.000000MB
[2016.01.30-04.44.30:425][  0]LogTargetPlatformManager:Display: Building Assets For Windows
[2016.01.30-04.44.31:280][  0]LogTargetPlatformManager:Display: Building Assets For Windows
[2016.01.30-04.44.31:407][  0]LogDerivedDataCache:Display: Max Cache Size: 512 MB
[2016.01.30-04.44.31:981][  0]LogDerivedDataCache: Loaded boot cache 0.57s 39MB C:/Users/Bond0102/AppData/Local/UnrealEngine/4.7/DerivedDataCache/Boot.ddc.
[2016.01.30-04.44.31:982][  0]LogDerivedDataCache:Display: Loaded Boot cache: C:/Users/Bond0102/AppData/Local/UnrealEngine/4.7/DerivedDataCache/Boot.ddc
[2016.01.30-04.44.31:982][  0]LogDerivedDataCache: FDerivedDataBackendGraph:  Pak pak cache file ../../../../../../Users/Bond0102/Desktop/Gamejam/MyProject/DerivedDataCache/DDC.ddp not found, will not use a pak cache.
[2016.01.30-04.44.31:982][  0]LogDerivedDataCache: Unable to find inner node Pak for hierarchical cache Hierarchy.
[2016.01.30-04.44.32:144][  0]LogDerivedDataCache:Display: Pak cache opened for reading ../../../Engine/DerivedDataCache/Compressed.ddp.
[2016.01.30-04.44.32:158][  0]LogDerivedDataCache: Using Local data cache path C:/Users/Bond0102/AppData/Local/UnrealEngine/Common/DerivedDataCache: Writable
[2016.01.30-04.44.32:565][  0]LogMeshUtilities: No automatic mesh reduction module available
[2016.01.30-04.44.32:565][  0]LogMeshUtilities: No automatic mesh merging module available
[2016.01.30-04.44.33:116][  0]LogInit: WinSock: version 1.1 (2.2), MaxSocks=32767, MaxUdp=65467
[2016.01.30-04.44.33:323][  0]LogSlate:Warning: Failed to load font data from '../../../Engine/Content/Slate/Fonts/Roboto-Italic.ttf'
[2016.01.30-04.44.39:147][  0]UdpMessaging: Initializing bridge on interface 0.0.0.0:0 to multicast group 230.0.0.1:6666.
[2016.01.30-04.44.39:617][  0]SourceControl: Info Source control is disabled
[2016.01.30-04.44.39:617][  0]SourceControl: Info Source control is disabled
[2016.01.30-04.44.39:617][  0]SourceControl: Info Source control is disabled
[2016.01.30-04.44.39:642][  0]LogSourceControl: RunCommandInternalRaw: 'git version'
[2016.01.30-04.44.39:688][  0]LogSourceControl: RunCommandInternalRaw: ExecProcess ReturnCode=0 OutResults='git version 1.9.5.msysgit.1
'
[2016.01.30-04.44.40:183][  0]LogObj: 24232 objects as part of root set at end of initial load.
[2016.01.30-04.44.40:183][  0]LogUObjectAllocator: 5137176 out of 0 bytes used by permanent object pool.
[2016.01.30-04.44.40:304][  0]LogEngine: Initializing Engine...
[2016.01.30-04.44.42:595][  0]LogInit: XAudio2 using 'Speakers (Realtek High Definition Audio)' : 2 channels at 48 kHz using 32 bits per sample (channel mask 0x3)
[2016.01.30-04.44.42:602][  0]LogInit: FAudioDevice initialized.
[2016.01.30-04.44.42:691][  0]LogAIModule: Creating AISystem for world NewWorld
[2016.01.30-04.44.42:710][  0]LogDerivedDataCache: Saved boot cache 0.02s 39MB C:/Users/Bond0102/AppData/Local/UnrealEngine/4.7/DerivedDataCache/Boot.ddc.
[2016.01.30-04.44.42:717][  0]LogInit: Texture streaming: Enabled
[2016.01.30-04.44.42:883][  0]LogAnalytics: Creating configured Analytics provider AnalyticsET
[2016.01.30-04.44.42:883][  0]LogAnalytics: ET APIKey = Rocket.Release. APIServer = http://et2.epicgames.com/ET2/. AppVersion = 4.7.6-2513093+++depot+UE4-Releases+4.7
[2016.01.30-04.44.42:883][  0]LogAnalytics: ET APIKey = Rocket.Release. DataRouterUploadURL = https://datarouter-public-service-gamedev.ol.epicgames.net/datarouter/api/v1/public/data. AppVersion = 4.7.6-2513093+++depot+UE4-Releases+4.7
[2016.01.30-04.44.42:883][  0]LogAnalytics: SetUserId 722b65dd49885bf975768f8ae4182d96|06dbf94186e4442b86a38068dd8e39b3|39473877-d930-4bb9-a12d-2ee099ceb38d
[2016.01.30-04.44.42:884][  0]LogAnalytics: AnalyticsET::StartSession [Rocket.Release]
[2016.01.30-04.44.42:924][  0]LogInit: Transaction tracking system initialized
[2016.01.30-04.44.43:485][  0]BlueprintLog: New page: Editor Load
[2016.01.30-04.44.43:556][  0]LogAssetRegistry: FAssetRegistry took 0.0107 seconds to start up
[2016.01.30-04.44.43:556][  0]LogDirectoryWatcher:Warning: Failed to begin reading directory changes for ../../../Engine/Plugins/Experimental/CharacterAI/Content/. Error: 0
[2016.01.30-04.44.44:767][  0]LogTargetPlatformManager:Display: Building Assets For Windows
[2016.01.30-04.44.45:297][  0]LogTargetPlatformManager:Display: Building Assets For Windows
[2016.01.30-04.44.45:939][  0]LogSlate:Warning: Failed to load font data from '../../../Engine/Content/Editor/Slate/Fonts/Roboto-Regular.ttf'
[2016.01.30-04.44.45:940][  0]LogSlate:Warning: Failed to load font data from '../../../Engine/Content/Editor/Slate/Fonts/Roboto-Bold.ttf'
[2016.01.30-04.44.45:950][  0]LogConsoleResponse:Display: 
[2016.01.30-04.44.46:202][  0]LogCook:Display: Done creating registry. It took  0.00s.
[2016.01.30-04.44.46:645][  0]LogSourceControl: RunCommandInternalRaw: 'git version'
[2016.01.30-04.44.46:653][  0]LogSourceControl: RunCommandInternalRaw: ExecProcess ReturnCode=0 OutResults='git version 1.9.5.msysgit.1
'
[2016.01.30-04.44.46:654][  0]Cmd: MAP LOAD FILE="../../../../../../Users/Bond0102/Desktop/Gamejam/MyProject/Content/gamejam/GlobalGameJam2016.umap" TEMPLATE=0 SHOWPROGRESS=1 FEATURELEVEL=3
[2016.01.30-04.44.46:654][  0]LightingResults: New page: Lighting Build
[2016.01.30-04.44.46:684][  0]MapCheck: New page: Map Check
[2016.01.30-04.44.46:684][  0]LightingResults: New page: Lighting Build
[2016.01.30-04.44.46:691][  0]LogParticles: Destroying 0 GPU particle simulations for FXSystem 0x000000E85068A520
[2016.01.30-04.44.47:328][  0]LogEditorServer: Finished looking for orphan Actors (0.000 secs)
[2016.01.30-04.44.47:373][  0]LogAIModule: Creating AISystem for world GlobalGameJam2016
[2016.01.30-04.44.47:373][  0]Cmd: MAP CHECKDEP
[2016.01.30-04.44.47:373][  0]MapCheck: New page: GlobalGameJam2016 - Jan 29, 2016, 6:44:47 PM
[2016.01.30-04.44.47:659][  0]MapCheck: Info Map check complete: 0 Error(s), 0 Warning(s), took 285.361ms to complete.
[2016.01.30-04.44.47:659][  0]LogFileHelpers: Loading map 'GlobalGameJam2016' took 1.005
[2016.01.30-04.44.47:839][  0]LogSourceControl: RunCommandInternalRaw: 'git status'
[2016.01.30-04.44.47:839][  0]LogCollectionManager: Loaded 0 collections in 0.001787 seconds
[2016.01.30-04.44.47:848][  0]LogContentBrowser: Native class hierarchy populated in 0.0089 seconds. Added 1696 classes and 261 folders.
[2016.01.30-04.44.47:927][  0]LogContentBrowser: Native class hierarchy updated for 'SceneOutliner' in 0.0015 seconds. Added 1 classes and 2 folders.
[2016.01.30-04.44.48:033][  0]LogSourceControl: RunCommandInternalRaw: ExecProcess ReturnCode=0 OutResults='On branch master
Changes not staged for commit:
  (use "git add <file>..." to update what will be committed)
  (use "git checkout -- <file>..." to discard changes in working directory)

	modified:   MyProject/Intermediate/CachedAssetRegistry.bin
	modified:   MyProject/Intermediate/Config/CoalescedSourceConfigs/Engine.ini
	modified:   MyProject/Intermediate/Config/CoalescedSourceConfigs/Game.ini
	modified:   MyProject/Saved/AutoScreenshot.png
	modified:   MyProject/Saved/Autosaves/PackageRestoreData.json
	modified:   MyProject/Saved/Config/Windows/EditorLayout.ini
	modified:   MyProject/Saved/Config/Windows/EditorUserSettings.ini
	modified:   MyProject/Saved/Config/Windows/Engine.ini
	modified:   MyProject/Saved/Logs/MyProject.log

Untracked files:
  (use "git add <file>..." to include in what will be committed)

	MyProject/Saved/Autosaves/Game/gamejam/
	MyProject/Saved/Backup/SpookTown_2016-01-29-23-32-44.umap
	MyProject/Saved/Config/WorldState/1581249074.json
	MyProject/Saved/Logs/MyProject-backup-2016.01.29-23.22.08.log
	MyProject/Saved/Logs/MyProject-backup-2016.01.29-23.44.26.log

no changes added to commit (use "git add" and/or "git commit -a")
'
[2016.01.30-04.44.48:033][  0]LogSourceControl: RunCommandInternalRaw: 'git symbolic-ref --short HEAD'
[2016.01.30-04.44.48:033][  0]LogCrashTracker: Crashtracker disabled due to settings.
[2016.01.30-04.44.48:035][  0]LogSlate:Warning: Failed to load font data from 'Veranda'
[2016.01.30-04.44.48:075][  0]LogSourceControl: RunCommandInternalRaw: ExecProcess ReturnCode=0 OutResults='master
'
[2016.01.30-04.44.48:075][  0]LogLoad: Full Startup: 23.76 seconds (BP compile: 0.08 seconds)
[2016.01.30-04.44.48:121][  0]LogContentBrowser:Verbose: The content browser source was changed by the sources view to '/Game/gamejam'
[2016.01.30-04.44.48:214][  0]SourceControl: Info master
[2016.01.30-04.44.48:283][  0]LogRenderer:Warning: Reallocating scene render targets to support 32x32 (Frame:2).
[2016.01.30-04.44.48:401][  0]LogRenderer:Warning: Reallocating scene render targets to support 1208x584 (Frame:6).
[2016.01.30-04.44.48:463][  1]Cmd: UpdateLandscapeEditorData -warnings
[2016.01.30-04.44.48:464][  1]Cmd: UpdateLandscapeEditorData
[2016.01.30-04.44.48:654][  4]LogAssetRegistry: Asset discovery search completed in 5.1089 seconds
[2016.01.30-04.44.49:280][ 72]LogSourceControl: RunCommandInternalRaw: 'git status --porcelain --ignored "C:/Users/Bond0102/Desktop/Gamejam/MyProject/Content/gamejam/GlobalGameJam2016.umap"'
[2016.01.30-04.44.49:357][ 81]LogSourceControl: RunCommandInternalRaw: ExecProcess ReturnCode=0 OutResults=''
[2016.01.30-04.44.53:374][539]LogSourceControl: RunCommandInternalRaw: 'git status --porcelain --ignored "C:/Users/Bond0102/Desktop/Gamejam/MyProject/Content/gamejam/map_plan.uasset" "C:/Users/Bond0102/Desktop/Gamejam/MyProject/Content/gamejam/map_plan_Mat.uasset" "C:/Users/Bond0102/Desktop/Gamejam/MyProject/Content/gamejam/SpookTown.umap"'
[2016.01.30-04.44.53:465][549]LogSourceControl: RunCommandInternalRaw: ExecProcess ReturnCode=0 OutResults=''
[2016.01.30-04.44.54:642][619]Cmd: MAP LOAD FILE="../../../../../../Users/Bond0102/Desktop/Gamejam/MyProject/Content/gamejam/SpookTown.umap" TEMPLATE=0 SHOWPROGRESS=1 FEATURELEVEL=3
[2016.01.30-04.44.54:642][619]LightingResults: New page: Lighting Build
[2016.01.30-04.44.54:704][619]LoadErrors: New page: Loading map: SpookTown.umap
[2016.01.30-04.44.54:705][619]MapCheck: New page: Map Check
[2016.01.30-04.44.54:706][619]LightingResults: New page: Lighting Build
[2016.01.30-04.44.54:714][619]LogParticles: Destroying 0 GPU particle simulations for FXSystem 0x000000E846651C60
[2016.01.30-04.44.54:913][619]LogEditorServer: Finished looking for orphan Actors (0.000 secs)
[2016.01.30-04.44.54:980][619]LogAIModule: Creating AISystem for world SpookTown
[2016.01.30-04.44.55:014][619]Cmd: MAP CHECKDEP
[2016.01.30-04.44.55:014][619]MapCheck: New page: SpookTown - Jan 29, 2016, 6:44:55 PM
[2016.01.30-04.44.55:276][619]MapCheck: Info Map check complete: 0 Error(s), 0 Warning(s), took 262.354ms to complete.
[2016.01.30-04.44.55:280][619]LogFileHelpers: Loading map 'SpookTown' took 0.640
[2016.01.30-04.44.55:385][620]Cmd: UpdateLandscapeEditorData -warnings
[2016.01.30-04.44.55:385][620]Cmd: UpdateLandscapeEditorData
[2016.01.30-04.45.20:455][598]LogPlayLevel: PIE:  No blueprints needed recompiling
[2016.01.30-04.45.20:456][598]PIE: New page: PIE session: SpookTown (Jan 29, 2016, 6:45:20 PM)
[2016.01.30-04.45.20:515][598]LogPlayLevel: PIE: StaticDuplicateObject took: (0.059523s)
[2016.01.30-04.45.20:516][598]LogPlayLevel: PIE: World Init took: (0.000593s)
[2016.01.30-04.45.20:516][598]LogPlayLevel: PIE: Created PIE world by copying editor world from /Game/gamejam/SpookTown.SpookTown to /Game/gamejam/UEDPIE_0_SpookTown.SpookTown (0.060289s)
[2016.01.30-04.45.20:587][598]LogLinker:Warning: Asset '../../../Engine/Content/EngineMeshes/Humanoid.uasset' has been saved with empty engine version. The asset will be loaded but may be incompatible.
[2016.01.30-04.45.22:144][598]LogWorld: Game class is 'ThirdPersonGameMode_C'
[2016.01.30-04.45.22:146][598]LogAIModule: Creating AISystem for world SpookTown
[2016.01.30-04.45.22:166][598]LogWorld:Warning: *** WARNING - PATHS MAY NOT BE VALID ***
[2016.01.30-04.45.22:166][598]LogWorld: Bringing World /Game/gamejam/UEDPIE_0_SpookTown.SpookTown up for play (max tick rate 0) at 2016.01.29-23.45.22
[2016.01.30-04.45.22:167][598]LogWorld: Bringing up level for play took: 0.020784
[2016.01.30-04.45.22:171][598]PIE: Info Play in editor start time for /Game/gamejam/UEDPIE_0_SpookTown 1.425
[2016.01.30-04.46.07:063][968]LogParticles: Destroying 0 GPU particle simulations for FXSystem 0x000000E85DD89260
[2016.01.30-04.46.14:461][617]Cmd: QUIT_EDITOR
[2016.01.30-04.46.14:685][617]LogExit: Preparing to exit.
[2016.01.30-04.46.15:316][617]LogExit: Editor shut down
[2016.01.30-04.46.15:317][617]LogExit: Transaction tracking system shut down
[2016.01.30-04.46.15:317][617]LogParticles: Destroying 0 GPU particle simulations for FXSystem 0x000000E846651440
[2016.01.30-04.46.15:318][617]LogParticles: Destroying 0 GPU particle simulations for FXSystem 0x000000E85DD3E7A0
[2016.01.30-04.46.15:318][617]LogParticles: Destroying 0 GPU particle simulations for FXSystem 0x000000E85F7C09A0
[2016.01.30-04.46.15:318][617]LogParticles: Destroying 0 GPU particle simulations for FXSystem 0x000000E84AC27380
[2016.01.30-04.46.15:369][617]LogExit: Object subsystem successfully closed.
[2016.01.30-04.46.15:447][617]LogModuleManager: Shutting down and abandoning module CrashTracker (177)
[2016.01.30-04.46.15:447][617]LogModuleManager: Shutting down and abandoning module SuperSearch (176)
[2016.01.30-04.46.15:447][617]LogModuleManager: Shutting down and abandoning module SceneOutliner (175)
[2016.01.30-04.46.15:447][617]LogModuleManager: Shutting down and abandoning module EditorWidgets (174)
[2016.01.30-04.46.15:447][617]LogModuleManager: Shutting down and abandoning module CollectionManager (173)
[2016.01.30-04.46.15:447][617]LogModuleManager: Shutting down and abandoning module StatsViewer (172)
[2016.01.30-04.46.15:447][617]LogModuleManager: Shutting down and abandoning module FoliageEdit (171)
[2016.01.30-04.46.15:447][617]LogModuleManager: Shutting down and abandoning module LandscapeEditor (170)
[2016.01.30-04.46.15:447][617]LogModuleManager: Shutting down and abandoning module MeshPaint (169)
[2016.01.30-04.46.15:447][617]LogModuleManager: Shutting down and abandoning module ActorPickerMode (168)
[2016.01.30-04.46.15:447][617]LogModuleManager: Shutting down and abandoning module GeometryMode (167)
[2016.01.30-04.46.15:447][617]LogModuleManager: Shutting down and abandoning module TextureAlignMode (166)
[2016.01.30-04.46.15:447][617]LogModuleManager: Shutting down and abandoning module BspMode (165)
[2016.01.30-04.46.15:447][617]LogModuleManager: Shutting down and abandoning module PlacementMode (164)
[2016.01.30-04.46.15:447][617]LogModuleManager: Shutting down and abandoning module AutomationWorker (163)
[2016.01.30-04.46.15:447][617]LogModuleManager: Shutting down and abandoning module CharacterAI (162)
[2016.01.30-04.46.15:447][617]LogModuleManager: Shutting down and abandoning module SmartSnapping (161)
[2016.01.30-04.46.15:447][617]LogModuleManager: Shutting down and abandoning module ViewportSnapping (160)
[2016.01.30-04.46.15:447][617]LogModuleManager: Shutting down and abandoning module LogVisualizer (159)
[2016.01.30-04.46.15:447][617]LogModuleManager: Shutting down and abandoning module GameProjectGeneration (158)
[2016.01.30-04.46.15:447][617]LogModuleManager: Shutting down and abandoning module IntroTutorials (157)
[2016.01.30-04.46.15:447][617]LogModuleManager: Shutting down and abandoning module EditorLiveStreaming (156)
[2016.01.30-04.46.15:447][617]LogModuleManager: Shutting down and abandoning module HardwareTargeting (155)
[2016.01.30-04.46.15:447][617]LogModuleManager: Shutting down and abandoning module DeviceProfileEditor (154)
[2016.01.30-04.46.15:447][617]LogModuleManager: Shutting down and abandoning module UndoHistory (153)
[2016.01.30-04.46.15:447][617]LogModuleManager: Shutting down and abandoning module GameplayTagsEditor (152)
[2016.01.30-04.46.15:447][617]LogModuleManager: Shutting down and abandoning module UserFeedback (151)
[2016.01.30-04.46.15:447][617]LogModuleManager: Shutting down and abandoning module XmlParser (150)
[2016.01.30-04.46.15:447][617]LogModuleManager: Shutting down and abandoning module Blutility (149)
[2016.01.30-04.46.15:447][617]LogModuleManager: Shutting down and abandoning module IOSPlatformEditor (148)
[2016.01.30-04.46.15:448][617]LogModuleManager: Shutting down and abandoning module IOSRuntimeSettings (147)
[2016.01.30-04.46.15:448][617]LogModuleManager: Shutting down and abandoning module AndroidDeviceDetection (146)
[2016.01.30-04.46.15:496][617]LogModuleManager: Shutting down and abandoning module AndroidPlatformEditor (145)
[2016.01.30-04.46.15:496][617]LogModuleManager: Shutting down and abandoning module AndroidRuntimeSettings (144)
[2016.01.30-04.46.15:496][617]LogModuleManager: Shutting down and abandoning module ProjectTargetPlatformEditor (143)
[2016.01.30-04.46.15:496][617]LogModuleManager: Shutting down and abandoning module ProjectSettingsViewer (142)
[2016.01.30-04.46.15:496][617]LogModuleManager: Shutting down and abandoning module InputBindingEditor (141)
[2016.01.30-04.46.15:496][617]LogModuleManager: Shutting down and abandoning module EditorSettingsViewer (140)
[2016.01.30-04.46.15:496][617]LogModuleManager: Shutting down and abandoning module SettingsEditor (139)
[2016.01.30-04.46.15:496][617]LogModuleManager: Shutting down and abandoning module ProjectLauncher (138)
[2016.01.30-04.46.15:496][617]LogModuleManager: Shutting down and abandoning module SessionFrontend (137)
[2016.01.30-04.46.15:496][617]LogModuleManager: Shutting down and abandoning module ProfilerClient (136)
[2016.01.30-04.46.15:496][617]LogModuleManager: Shutting down and abandoning module TargetDeviceServices (135)
[2016.01.30-04.46.15:496][617]LogModuleManager: Shutting down and abandoning module DeviceManager (134)
[2016.01.30-04.46.15:496][617]LogModuleManager: Shutting down and abandoning module AutomationController (133)
[2016.01.30-04.46.15:496][617]LogModuleManager: Shutting down and abandoning module AutomationWindow (132)
[2016.01.30-04.46.15:496][617]LogModuleManager: Shutting down and abandoning module Layers (131)
[2016.01.30-04.46.15:496][617]LogModuleManager: Shutting down and abandoning module ComponentVisualizers (130)
[2016.01.30-04.46.15:496][617]LogModuleManager: Shutting down and abandoning module DetailCustomizations (129)
[2016.01.30-04.46.15:497][617]LogModuleManager: Shutting down and abandoning module PackagesDialog (128)
[2016.01.30-04.46.15:497][617]LogModuleManager: Shutting down and abandoning module AssetRegistry (127)
[2016.01.30-04.46.15:528][617]LogModuleManager: Shutting down and abandoning module Persona (126)
[2016.01.30-04.46.15:528][617]LogModuleManager: Shutting down and abandoning module SlateReflector (125)
[2016.01.30-04.46.15:528][617]LogModuleManager: Shutting down and abandoning module LevelEditor (124)
[2016.01.30-04.46.15:529][617]LogModuleManager: Shutting down and abandoning module Kismet (123)
[2016.01.30-04.46.15:529][617]LogModuleManager: Shutting down and abandoning module GraphEditor (122)
[2016.01.30-04.46.15:529][617]LogModuleManager: Shutting down and abandoning module ClassViewer (121)
[2016.01.30-04.46.15:529][617]LogModuleManager: Shutting down and abandoning module Toolbox (120)
[2016.01.30-04.46.15:529][617]LogModuleManager: Shutting down and abandoning module ModuleUI (119)
[2016.01.30-04.46.15:529][617]LogModuleManager: Shutting down and abandoning module MovieSceneTools (118)
[2016.01.30-04.46.15:529][617]LogModuleManager: Shutting down and abandoning module OutputLog (117)
[2016.01.30-04.46.15:529][617]LogModuleManager: Shutting down and abandoning module GammaUI (116)
[2016.01.30-04.46.15:529][617]LogModuleManager: Shutting down and abandoning module Documentation (115)
[2016.01.30-04.46.15:529][617]LogModuleManager: Shutting down and abandoning module GameLiveStreaming (114)
[2016.01.30-04.46.15:529][617]LogModuleManager: Shutting down and abandoning module StreamingPauseRendering (113)
[2016.01.30-04.46.15:529][617]LogModuleManager: Shutting down and abandoning module HTTP (112)
[2016.01.30-04.46.15:529][617]LogModuleManager: Shutting down and abandoning module AnalyticsET (111)
[2016.01.30-04.46.15:529][617]LogModuleManager: Shutting down and abandoning module Analytics (110)
[2016.01.30-04.46.15:529][617]LogModuleManager: Shutting down and abandoning module AITestSuite (109)
[2016.01.30-04.46.15:529][617]LogModuleManager: Shutting down and abandoning module GameplayDebugger (108)
[2016.01.30-04.46.15:529][617]LogModuleManager: Shutting down and abandoning module AIModule (107)
[2016.01.30-04.46.15:529][617]LogModuleManager: Shutting down and abandoning module ProfilerService (106)
[2016.01.30-04.46.15:547][617]LogModuleManager: Shutting down and abandoning module TaskGraph (105)
[2016.01.30-04.46.15:547][617]LogModuleManager: Shutting down and abandoning module SlateRemote (104)
[2016.01.30-04.46.15:547][617]LogModuleManager: Shutting down and abandoning module ScriptEditorPlugin (103)
[2016.01.30-04.46.15:547][617]LogModuleManager: Shutting down and abandoning module CustomMeshComponent (102)
[2016.01.30-04.46.15:547][617]LogModuleManager: Shutting down and abandoning module CableComponent (101)
[2016.01.30-04.46.15:547][617]LogModuleManager: Shutting down and abandoning module MessagingDebugger (100)
[2016.01.30-04.46.15:547][617]LogModuleManager: Shutting down and abandoning module MediaPlayerEditor (99)
[2016.01.30-04.46.15:547][617]LogModuleManager: Shutting down and abandoning module SpeedTreeImporter (98)
[2016.01.30-04.46.15:547][617]LogModuleManager: Shutting down and abandoning module PluginsEditor (97)
[2016.01.30-04.46.15:547][617]LogModuleManager: Shutting down and abandoning module MainFrame (96)
[2016.01.30-04.46.15:547][617]LogModuleManager: Shutting down and abandoning module EpicSurvey (95)
[2016.01.30-04.46.15:547][617]LogModuleManager: Shutting down and abandoning module DesktopPlatform (94)
[2016.01.30-04.46.15:547][617]LogModuleManager: Shutting down and abandoning module DirectoryWatcher (93)
[2016.01.30-04.46.15:548][617]LogModuleManager: Shutting down and abandoning module HotReload (92)
[2016.01.30-04.46.15:548][617]LogModuleManager: Shutting down and abandoning module VisualStudioSourceCodeAccess (91)
[2016.01.30-04.46.15:548][617]LogModuleManager: Shutting down and abandoning module UObjectPlugin (90)
[2016.01.30-04.46.15:548][617]LogModuleManager: Shutting down and abandoning module SubversionSourceControl (89)
[2016.01.30-04.46.15:548][617]LogModuleManager: Shutting down and abandoning module PerforceSourceControl (88)
[2016.01.30-04.46.15:548][617]LogModuleManager: Shutting down and abandoning module SourceControl (87)
[2016.01.30-04.46.15:548][617]LogModuleManager: Shutting down and abandoning module GitSourceControl (86)
[2016.01.30-04.46.15:548][617]LogModuleManager: Shutting down and abandoning module BlankPlugin (85)
[2016.01.30-04.46.15:548][617]LogModuleManager: Shutting down and abandoning module PaperTiledImporter (84)
[2016.01.30-04.46.15:548][617]LogModuleManager: Shutting down and abandoning module PaperJsonImporter (83)
[2016.01.30-04.46.15:548][617]LogModuleManager: Shutting down and abandoning module ContentBrowser (82)
[2016.01.30-04.46.15:548][617]LogModuleManager: Shutting down and abandoning module Paper2DEditor (81)
[2016.01.30-04.46.15:549][617]LogModuleManager: Shutting down and abandoning module ScriptPlugin (80)
[2016.01.30-04.46.15:549][617]LogModuleManager: Shutting down and abandoning module UdpMessaging (79)
[2016.01.30-04.46.15:650][617]LogModuleManager: Shutting down and abandoning module Paper2D (78)
[2016.01.30-04.46.15:650][617]LogModuleManager: Shutting down and abandoning module WindowsMoviePlayer (77)
[2016.01.30-04.46.15:652][617]LogModuleManager: Shutting down and abandoning module Media (76)
[2016.01.30-04.46.15:652][617]LogModuleManager: Shutting down and abandoning module WmfMedia (75)
[2016.01.30-04.46.15:652][617]LogModuleManager: Shutting down and abandoning module OnlineBlueprintSupport (74)
[2016.01.30-04.46.15:652][617]LogModuleManager: Shutting down and abandoning module PropertyEditor (73)
[2016.01.30-04.46.15:652][617]LogModuleManager: Shutting down and abandoning module BehaviorTreeEditor (72)
[2016.01.30-04.46.15:652][617]LogModuleManager: Shutting down and abandoning module FunctionalTesting (71)
[2016.01.30-04.46.15:652][617]LogModuleManager: Shutting down and abandoning module CollisionAnalyzer (70)
[2016.01.30-04.46.15:652][617]LogModuleManager: Shutting down and abandoning module WorkspaceMenuStructure (69)
[2016.01.30-04.46.15:652][617]LogModuleManager: Shutting down and abandoning module MessageLog (68)
[2016.01.30-04.46.15:652][617]LogModuleManager: Shutting down and abandoning module Sequencer (67)
[2016.01.30-04.46.15:652][617]LogModuleManager: Shutting down and abandoning module AssetTools (66)
[2016.01.30-04.46.15:652][617]LogModuleManager: Shutting down and abandoning module UMGEditor (65)
[2016.01.30-04.46.15:652][617]LogModuleManager: Shutting down and abandoning module UMG (64)
[2016.01.30-04.46.15:652][617]LogModuleManager: Shutting down and abandoning module Slate (63)
[2016.01.30-04.46.15:652][617]LogModuleManager: Shutting down and abandoning module EditorStyle (62)
[2016.01.30-04.46.15:662][617]LogModuleManager: Shutting down and abandoning module SessionServices (61)
[2016.01.30-04.46.15:662][617]LogModuleManager: Shutting down and abandoning module SourceCodeAccess (60)
[2016.01.30-04.46.15:662][617]LogModuleManager: Shutting down and abandoning module HeadMountedDisplay (59)
[2016.01.30-04.46.15:662][617]LogModuleManager: Shutting down and abandoning module XAudio2 (58)
[2016.01.30-04.46.15:662][617]LogModuleManager: Shutting down and abandoning module Networking (56)
[2016.01.30-04.46.15:662][617]LogModuleManager: Shutting down and abandoning module Core (55)
[2016.01.30-04.46.15:662][617]LogModuleManager: Shutting down and abandoning module KismetCompiler (54)
[2016.01.30-04.46.15:662][617]LogModuleManager: Shutting down and abandoning module PhysXFormats (53)
[2016.01.30-04.46.15:662][617]LogModuleManager: Shutting down and abandoning module MeshUtilities (52)
[2016.01.30-04.46.15:662][617]LogModuleManager: Shutting down and abandoning module DerivedDataCache (51)
[2016.01.30-04.46.15:717][617]LogDerivedDataCache: Shutdown
[2016.01.30-04.46.15:717][617]LogModuleManager: Shutting down and abandoning module ShaderFormatOpenGL (50)
[2016.01.30-04.46.15:717][617]LogModuleManager: Shutting down and abandoning module ShaderFormatD3D (49)
[2016.01.30-04.46.15:717][617]LogModuleManager: Shutting down and abandoning module MetalShaderFormat (48)
[2016.01.30-04.46.15:717][617]LogModuleManager: Shutting down and abandoning module TextureFormatUncompressed (47)
[2016.01.30-04.46.15:717][617]LogModuleManager: Shutting down and abandoning module TextureFormatPVR (46)
[2016.01.30-04.46.15:717][617]LogModuleManager: Shutting down and abandoning module TextureFormatIntelISPCTexComp (45)
[2016.01.30-04.46.15:717][617]LogModuleManager: Shutting down and abandoning module TextureFormatDXT (44)
[2016.01.30-04.46.15:717][617]LogModuleManager: Shutting down and abandoning module ImageWrapper (43)
[2016.01.30-04.46.15:717][617]LogModuleManager: Shutting down and abandoning module TextureFormatASTC (42)
[2016.01.30-04.46.15:717][617]LogModuleManager: Shutting down and abandoning module TextureFormatAndroid (41)
[2016.01.30-04.46.15:717][617]LogModuleManager: Shutting down and abandoning module AudioFormatOpus (40)
[2016.01.30-04.46.15:717][617]LogModuleManager: Shutting down and abandoning module AudioFormatOgg (39)
[2016.01.30-04.46.15:717][617]LogModuleManager: Shutting down and abandoning module AudioFormatADPCM (38)
[2016.01.30-04.46.15:717][617]LogModuleManager: Shutting down and abandoning module LinuxTargetPlatform (37)
[2016.01.30-04.46.15:717][617]LogModuleManager: Shutting down and abandoning module LinuxServerTargetPlatform (36)
[2016.01.30-04.46.15:717][617]LogModuleManager: Shutting down and abandoning module LinuxNoEditorTargetPlatform (35)
[2016.01.30-04.46.15:717][617]LogModuleManager: Shutting down and abandoning module Messaging (34)
[2016.01.30-04.46.15:717][617]LogModuleManager: Shutting down and abandoning module IOSTargetPlatform (33)
[2016.01.30-04.46.15:717][617]LogModuleManager: Shutting down and abandoning module HTML5TargetPlatform (32)
[2016.01.30-04.46.15:717][617]LogModuleManager: Shutting down and abandoning module Android_PVRTCTargetPlatform (31)
[2016.01.30-04.46.15:717][617]LogModuleManager: Shutting down and abandoning module Android_ETC2TargetPlatform (30)
[2016.01.30-04.46.15:717][617]LogModuleManager: Shutting down and abandoning module Android_ETC1TargetPlatform (29)
[2016.01.30-04.46.15:717][617]LogModuleManager: Shutting down and abandoning module Android_ES31TargetPlatform (28)
[2016.01.30-04.46.15:717][617]LogModuleManager: Shutting down and abandoning module Android_DXTTargetPlatform (27)
[2016.01.30-04.46.15:717][617]LogModuleManager: Shutting down and abandoning module Android_ATCTargetPlatform (26)
[2016.01.30-04.46.15:717][617]LogModuleManager: Shutting down and abandoning module AndroidTargetPlatform (25)
[2016.01.30-04.46.15:717][617]LogModuleManager: Shutting down and abandoning module WindowsTargetPlatform (24)
[2016.01.30-04.46.15:718][617]LogModuleManager: Shutting down and abandoning module WindowsServerTargetPlatform (23)
[2016.01.30-04.46.15:718][617]LogModuleManager: Shutting down and abandoning module WindowsNoEditorTargetPlatform (22)
[2016.01.30-04.46.15:718][617]LogModuleManager: Shutting down and abandoning module WindowsClientTargetPlatform (21)
[2016.01.30-04.46.15:718][617]LogModuleManager: Shutting down and abandoning module TargetPlatform (20)
[2016.01.30-04.46.15:718][617]LogModuleManager: Shutting down and abandoning module InputCore (19)
[2016.01.30-04.46.15:718][617]LogModuleManager: Shutting down and abandoning module Settings (18)
[2016.01.30-04.46.15:718][617]LogModuleManager: Shutting down and abandoning module OnlineSubsystem (16)
[2016.01.30-04.46.15:718][617]LogModuleManager: Shutting down and abandoning module OculusRift (15)
[2016.01.30-04.46.15:718][617]LogModuleManager: Shutting down and abandoning module ExampleDeviceProfileSelector (14)
[2016.01.30-04.46.15:718][617]LogModuleManager: Shutting down and abandoning module TextureCompressor (13)
[2016.01.30-04.46.15:718][617]LogModuleManager: Shutting down and abandoning module ShaderCore (12)
[2016.01.30-04.46.15:718][617]LogModuleManager: Shutting down and abandoning module Landscape (11)
[2016.01.30-04.46.15:718][617]LogModuleManager: Shutting down and abandoning module SlateRHIRenderer (10)
[2016.01.30-04.46.15:720][617]LogModuleManager: Shutting down and abandoning module OpenGLDrv (9)
[2016.01.30-04.46.15:720][617]LogModuleManager: Shutting down and abandoning module D3D11RHI (8)
[2016.01.30-04.46.15:720][617]LogModuleManager: Shutting down and abandoning module Renderer (7)
[2016.01.30-04.46.15:720][617]LogModuleManager: Shutting down and abandoning module Engine (6)
[2016.01.30-04.46.15:720][617]LogModuleManager: Shutting down and abandoning module CoreUObject (5)
[2016.01.30-04.46.15:720][617]LogModuleManager: Shutting down and abandoning module NetworkFile (4)
[2016.01.30-04.46.15:720][617]LogModuleManager: Shutting down and abandoning module StreamingFile (3)
[2016.01.30-04.46.15:720][617]LogModuleManager: Shutting down and abandoning module SandboxFile (2)
[2016.01.30-04.46.15:720][617]LogModuleManager: Shutting down and abandoning module PakFile (1)
[2016.01.30-04.46.15:720][617]LogExit: Exiting.
[2016.01.30-04.46.15:726][617]Log file closed, 01/29/16 23:46:15
